

*******************************************************************************
Mon Apr  8 16:28:49 2024


FIT:    data read from 'confirmados_fecha.csv' using 1:3 every :::0::d
        format = x:z
        #datapoints = 97
        residuals are weighted equally (unit weight)

function used for fitting: f(x)
	f(x) = A*exp(-((x-u)/r)**2/2)
fitted parameters initialized with current variable values

iter      chisq       delta/lim  lambda   A             u             r            
   0 9.8113475790e+05   0.00e+00  2.84e+02    4.000000e+02   2.000000e+02   1.000000e+02
  22 2.0840082856e+05  -4.22e-01  2.84e-08    3.256680e+02   9.026461e+01   9.056482e+00

After 22 iterations the fit converged.
final sum of squares of residuals : 208401
rel. change during last iteration : -4.22468e-06

degrees of freedom    (FIT_NDF)                        : 94
rms of residuals      (FIT_STDFIT) = sqrt(WSSR/ndf)    : 47.0853
variance of residuals (reduced chisquare) = WSSR/ndf   : 2217.03

Final set of parameters            Asymptotic Standard Error
=======================            ==========================
A               = 325.668          +/- 15.05        (4.622%)
u               = 90.2646          +/- 0.809        (0.8963%)
r               = 9.05648          +/- 0.8168       (9.018%)

correlation matrix of the fit parameters:
                A      u      r      
A               1.000 
u              -0.130  1.000 
r              -0.486  0.660  1.000 


*******************************************************************************
Mon Apr  8 16:29:31 2024


FIT:    data read from 'confirmados_fecha.csv' using 1:3 every :::0::d
        format = x:z
        #datapoints = 97
        residuals are weighted equally (unit weight)

function used for fitting: f(x)
	f(x) = A*exp(-((x-u)/r)**2/2)
fitted parameters initialized with current variable values

iter      chisq       delta/lim  lambda   A             u             r            
   0 2.1404056121e+06   0.00e+00  4.26e+02    6.000000e+02   2.000000e+02   1.000000e+02
  16 2.0840088511e+05  -4.76e-01  4.26e-08    3.256588e+02   9.026491e+01   9.057319e+00

After 16 iterations the fit converged.
final sum of squares of residuals : 208401
rel. change during last iteration : -4.76441e-06

degrees of freedom    (FIT_NDF)                        : 94
rms of residuals      (FIT_STDFIT) = sqrt(WSSR/ndf)    : 47.0854
variance of residuals (reduced chisquare) = WSSR/ndf   : 2217.03

Final set of parameters            Asymptotic Standard Error
=======================            ==========================
A               = 325.659          +/- 15.05        (4.622%)
u               = 90.2649          +/- 0.8092       (0.8965%)
r               = 9.05732          +/- 0.8169       (9.019%)

correlation matrix of the fit parameters:
                A      u      r      
A               1.000 
u              -0.130  1.000 
r              -0.486  0.660  1.000 
